<?xml version="1.0" encoding="UTF-8"?>
<testsuite xmlns:xsi="http://www.w3.org/2001/XMLSchema-instance" xsi:noNamespaceSchemaLocation="https://maven.apache.org/surefire/maven-surefire-plugin/xsd/surefire-test-report-3.0.xsd" version="3.0" name="org.example.test.MainTest" time="39.367" tests="6" errors="0" skipped="0" failures="0">
  <properties>
    <property name="java.specification.version" value="17"/>
    <property name="sun.cpu.isalist" value="amd64"/>
    <property name="sun.jnu.encoding" value="Cp1252"/>
    <property name="java.class.path" value="C:\Users\luism\OneDrive\Documentos\GitHub\TLC_Packages\target\test-classes;C:\Users\luism\OneDrive\Documentos\GitHub\TLC_Packages\target\classes;C:\Users\luism\.m2\repository\com\microsoft\sqlserver\mssql-jdbc\12.2.0.jre11\mssql-jdbc-12.2.0.jre11.jar;C:\Users\luism\.m2\repository\org\junit\jupiter\junit-jupiter-api\5.9.2\junit-jupiter-api-5.9.2.jar;C:\Users\luism\.m2\repository\org\opentest4j\opentest4j\1.2.0\opentest4j-1.2.0.jar;C:\Users\luism\.m2\repository\org\junit\platform\junit-platform-commons\1.9.2\junit-platform-commons-1.9.2.jar;C:\Users\luism\.m2\repository\org\apiguardian\apiguardian-api\1.1.2\apiguardian-api-1.1.2.jar;C:\Users\luism\.m2\repository\junit\junit\4.13.2\junit-4.13.2.jar;C:\Users\luism\.m2\repository\org\hamcrest\hamcrest-core\1.3\hamcrest-core-1.3.jar;"/>
    <property name="java.vm.vendor" value="Eclipse Adoptium"/>
    <property name="sun.arch.data.model" value="64"/>
    <property name="user.variant" value=""/>
    <property name="java.vendor.url" value="https://adoptium.net/"/>
    <property name="user.timezone" value="America/Mexico_City"/>
    <property name="os.name" value="Windows 11"/>
    <property name="java.vm.specification.version" value="17"/>
    <property name="sun.java.launcher" value="SUN_STANDARD"/>
    <property name="user.country" value="MX"/>
    <property name="sun.boot.library.path" value="C:\Program Files\Eclipse Adoptium\jdk-17.0.5.8-hotspot\bin"/>
    <property name="sun.java.command" value="C:\Users\luism\AppData\Local\Temp\surefire16100098175338277250\surefirebooter-20230505184755240_3.jar C:\Users\luism\AppData\Local\Temp\surefire16100098175338277250 2023-05-05T18-47-55_115-jvmRun1 surefire-20230505184755240_1tmp surefire_0-20230505184755240_2tmp"/>
    <property name="jdk.debug" value="release"/>
    <property name="surefire.test.class.path" value="C:\Users\luism\OneDrive\Documentos\GitHub\TLC_Packages\target\test-classes;C:\Users\luism\OneDrive\Documentos\GitHub\TLC_Packages\target\classes;C:\Users\luism\.m2\repository\com\microsoft\sqlserver\mssql-jdbc\12.2.0.jre11\mssql-jdbc-12.2.0.jre11.jar;C:\Users\luism\.m2\repository\org\junit\jupiter\junit-jupiter-api\5.9.2\junit-jupiter-api-5.9.2.jar;C:\Users\luism\.m2\repository\org\opentest4j\opentest4j\1.2.0\opentest4j-1.2.0.jar;C:\Users\luism\.m2\repository\org\junit\platform\junit-platform-commons\1.9.2\junit-platform-commons-1.9.2.jar;C:\Users\luism\.m2\repository\org\apiguardian\apiguardian-api\1.1.2\apiguardian-api-1.1.2.jar;C:\Users\luism\.m2\repository\junit\junit\4.13.2\junit-4.13.2.jar;C:\Users\luism\.m2\repository\org\hamcrest\hamcrest-core\1.3\hamcrest-core-1.3.jar;"/>
    <property name="sun.cpu.endian" value="little"/>
    <property name="user.home" value="C:\Users\luism"/>
    <property name="user.language" value="es"/>
    <property name="java.specification.vendor" value="Oracle Corporation"/>
    <property name="java.version.date" value="2022-10-18"/>
    <property name="java.home" value="C:\Program Files\Eclipse Adoptium\jdk-17.0.5.8-hotspot"/>
    <property name="file.separator" value="\"/>
    <property name="basedir" value="C:\Users\luism\OneDrive\Documentos\GitHub\TLC_Packages"/>
    <property name="java.vm.compressedOopsMode" value="Zero based"/>
    <property name="line.separator" value="&#10;"/>
    <property name="java.vm.specification.vendor" value="Oracle Corporation"/>
    <property name="java.specification.name" value="Java Platform API Specification"/>
    <property name="surefire.real.class.path" value="C:\Users\luism\AppData\Local\Temp\surefire16100098175338277250\surefirebooter-20230505184755240_3.jar"/>
    <property name="user.script" value=""/>
    <property name="sun.management.compiler" value="HotSpot 64-Bit Tiered Compilers"/>
    <property name="java.runtime.version" value="17.0.5+8"/>
    <property name="user.name" value="luism"/>
    <property name="path.separator" value=";"/>
    <property name="os.version" value="10.0"/>
    <property name="java.runtime.name" value="OpenJDK Runtime Environment"/>
    <property name="file.encoding" value="Cp1252"/>
    <property name="java.vm.name" value="OpenJDK 64-Bit Server VM"/>
    <property name="java.vendor.version" value="Temurin-17.0.5+8"/>
    <property name="localRepository" value="C:\Users\luism\.m2\repository"/>
    <property name="java.vendor.url.bug" value="https://github.com/adoptium/adoptium-support/issues"/>
    <property name="java.io.tmpdir" value="C:\Users\luism\AppData\Local\Temp\"/>
    <property name="java.version" value="17.0.5"/>
    <property name="user.dir" value="C:\Users\luism\OneDrive\Documentos\GitHub\TLC_Packages"/>
    <property name="os.arch" value="amd64"/>
    <property name="java.vm.specification.name" value="Java Virtual Machine Specification"/>
    <property name="sun.os.patch.level" value=""/>
    <property name="native.encoding" value="Cp1252"/>
    <property name="java.library.path" value="C:\Program Files\Eclipse Adoptium\jdk-17.0.5.8-hotspot\bin;C:\WINDOWS\Sun\Java\bin;C:\WINDOWS\system32;C:\WINDOWS;C:\Users\luism\anaconda3;C:\Users\luism\anaconda3\Library\mingw-w64\bin;C:\Users\luism\anaconda3\Library\usr\bin;C:\Users\luism\anaconda3\Library\bin;C:\Users\luism\anaconda3\Scripts;C:\Users\luism\anaconda3\bin;C:\Users\luism\anaconda3\condabin;C:\Program Files\Eclipse Adoptium\jdk-17.0.5.8-hotspot\bin;C:\Windows\system32;C:\Windows;C:\Windows\System32\Wbem;C:\Windows\System32\WindowsPowerShell\v1.0;C:\Windows\System32\OpenSSH;C:\Program Files (x86)\NVIDIA Corporation\PhysX\Common;C:\Program Files\NVIDIA Corporation\NVIDIA NvDLISR;C:\WINDOWS\system32;C:\WINDOWS;C:\WINDOWS\System32\Wbem;C:\WINDOWS\System32\WindowsPowerShell\v1.0;C:\WINDOWS\System32\OpenSSH;C:\Program Files\Git\cmd;C:\Program Files (x86)\Microsoft SQL Server\160\DTS\Binn;C:\Program Files\Azure Data Studio\bin;C:\Program Files\Maven\apache-maven-3.9.1\bin;C:\Program Files\swipl\bin;C:\Users\luism\AppData\Roaming\local\bin;C:\Users\luism\anaconda3;C:\Users\luism\anaconda3\Library\mingw-w64\bin;C:\Users\luism\anaconda3\Library\usr\bin;C:\Users\luism\anaconda3\Library\bin;C:\Users\luism\anaconda3\Scripts;C:\Users\luism\AppData\Local\Microsoft\WindowsApps;C:\Users\luism\AppData\Local\Programs\Microsoft VS Code\bin;C:\ProgramData\luism\GitHubDesktop\bin;C:\Users\luism\AppData\Local\JetBrains\Toolbox\scripts;.;C:\ghcup\bin;C:\Users\luism\AppData\Local\Programs\Azure Data Studio\bin;C:\Program Files\Azure Data Studio\bin;."/>
    <property name="java.vm.info" value="mixed mode, sharing"/>
    <property name="java.vendor" value="Eclipse Adoptium"/>
    <property name="java.vm.version" value="17.0.5+8"/>
    <property name="sun.io.unicode.encoding" value="UnicodeLittle"/>
    <property name="java.class.version" value="61.0"/>
  </properties>
  <testcase name="testCrearCuentaView" classname="org.example.test.MainTest" time="6.504">
    <system-out><![CDATA[Cliente creado exitosamente.
Cuenta creada exitosamente.
Cuenta eliminada exitosamente.
Cliente eliminado exitosamente.
]]></system-out>
  </testcase>
  <testcase name="testCrearCliente" classname="org.example.test.MainTest" time="2.089">
    <system-out><![CDATA[Cliente creado exitosamente.
Cliente eliminado exitosamente.
]]></system-out>
  </testcase>
  <testcase name="testConexion" classname="org.example.test.MainTest" time="0.631"/>
  <testcase name="testCrearCuenta" classname="org.example.test.MainTest" time="5.094">
    <system-out><![CDATA[Cliente creado exitosamente.
Cuenta creada exitosamente.
Cuenta eliminada exitosamente.
Cliente eliminado exitosamente.
]]></system-out>
  </testcase>
  <testcase name="testHacerRetiro" classname="org.example.test.MainTest" time="7.925">
    <system-out><![CDATA[Cliente creado exitosamente.
Cuenta creada exitosamente.
Tu cuenta 99901 retiró -50.0$ el 05/05/2023 18:48:14
Retiro realizado!
Cuenta eliminada exitosamente.
Cliente eliminado exitosamente.
]]></system-out>
  </testcase>
  <testcase name="testHacerDeposito" classname="org.example.test.MainTest" time="17.103">
    <system-out><![CDATA[Cliente creado exitosamente.
Cliente creado exitosamente.
Cuenta creada exitosamente.
Cuenta creada exitosamente.
Tu cuenta 99801 retiró -200.0$ el 05/05/2023 18:48:24
700.0
La cuenta 99901 recibió +200.0$ el 05/05/2023 18:48:27
Deposito realizado! 200.0 a la cuenta de Perez Juan Alfonso
Cuenta eliminada exitosamente.
Cuenta eliminada exitosamente.
Cliente eliminado exitosamente.
Cliente eliminado exitosamente.
]]></system-out>
  </testcase>
</testsuite>